c:\users\dhanush\desktop\scoketss\cpp_server\build\cpp_server.dir\debug\vc143.pdb
c:\users\dhanush\desktop\scoketss\cpp_server\build\cpp_server.dir\debug\httputils.obj
c:\users\dhanush\desktop\scoketss\cpp_server\build\cpp_server.dir\debug\hello.obj
c:\users\dhanush\desktop\scoketss\cpp_server\build\cpp_server.dir\debug\resourcemapper.obj
c:\users\dhanush\desktop\scoketss\cpp_server\build\cpp_server.dir\debug\httpsclient.obj
c:\users\dhanush\desktop\scoketss\cpp_server\build\cpp_server.dir\debug\server.obj
c:\users\dhanush\desktop\scoketss\cpp_server\build\cpp_server.dir\debug\sockethandler.obj
c:\users\dhanush\desktop\scoketss\cpp_server\build\cpp_server.dir\debug\main.obj
c:\users\dhanush\desktop\scoketss\cpp_server\build\cmakefiles\generate.stamp
c:\users\dhanush\desktop\scoketss\cpp_server\build\debug\cpp_server.exe
c:\users\dhanush\desktop\scoketss\cpp_server\build\debug\cpp_server.pdb
c:\users\dhanush\desktop\scoketss\cpp_server\build\cpp_server.dir\debug\cpp_server.ilk
c:\users\dhanush\desktop\scoketss\cpp_server\build\cpp_server.dir\debug\cpp_server.tlog\cl.command.1.tlog
c:\users\dhanush\desktop\scoketss\cpp_server\build\cpp_server.dir\debug\cpp_server.tlog\cl.items.tlog
c:\users\dhanush\desktop\scoketss\cpp_server\build\cpp_server.dir\debug\cpp_server.tlog\cl.read.1.tlog
c:\users\dhanush\desktop\scoketss\cpp_server\build\cpp_server.dir\debug\cpp_server.tlog\cl.write.1.tlog
c:\users\dhanush\desktop\scoketss\cpp_server\build\cpp_server.dir\debug\cpp_server.tlog\custombuild.command.1.tlog
c:\users\dhanush\desktop\scoketss\cpp_server\build\cpp_server.dir\debug\cpp_server.tlog\custombuild.read.1.tlog
c:\users\dhanush\desktop\scoketss\cpp_server\build\cpp_server.dir\debug\cpp_server.tlog\custombuild.write.1.tlog
c:\users\dhanush\desktop\scoketss\cpp_server\build\cpp_server.dir\debug\cpp_server.tlog\link.command.1.tlog
c:\users\dhanush\desktop\scoketss\cpp_server\build\cpp_server.dir\debug\cpp_server.tlog\link.read.1.tlog
c:\users\dhanush\desktop\scoketss\cpp_server\build\cpp_server.dir\debug\cpp_server.tlog\link.secondary.1.tlog
c:\users\dhanush\desktop\scoketss\cpp_server\build\cpp_server.dir\debug\cpp_server.tlog\link.write.1.tlog
